#
# There is insufficient memory for the Java Runtime Environment to continue.
# Native memory allocation (mmap) failed to map 532676608 bytes for Failed to commit area from 0x0000000604400000 to 0x0000000624000000 of length 532676608.
# Possible reasons:
#   The system is out of physical RAM or swap space
#   The process is running with CompressedOops enabled, and the Java Heap may be blocking the growth of the native heap
# Possible solutions:
#   Reduce memory load on the system
#   Increase physical memory or swap space
#   Check if swap backing store is full
#   Decrease Java heap size (-Xmx/-Xms)
#   Decrease number of Java threads
#   Decrease Java thread stack sizes (-Xss)
#   Set larger code cache with -XX:ReservedCodeCacheSize=
#   JVM is running with Zero Based Compressed Oops mode in which the Java heap is
#     placed in the first 32GB address space. The Java Heap base address is the
#     maximum limit for the native heap growth. Please use -XX:HeapBaseMinAddress
#     to set the Java Heap base and to place the Java Heap above 32GB virtual address.
# This output file may be truncated or incomplete.
#
#  Out of Memory Error (./open/src/hotspot/os/windows/os_windows.cpp:3315), pid=58860, tid=57904
#
# JRE version:  (14.0.1+7) (build )
# Java VM: Java HotSpot(TM) 64-Bit Server VM (14.0.1+7, mixed mode, sharing, tiered, compressed oops, g1 gc, windows-amd64)
# No core dump will be written. Minidumps are not enabled by default on client versions of Windows
#

---------------  S U M M A R Y ------------

Command Line: -agentlib:jdwp=transport=dt_socket,address=127.0.0.1:52598,suspend=y,server=n -XX:TieredStopAtLevel=1 -Dspring.output.ansi.enabled=always -Dcom.sun.management.jmxremote -Dspring.jmx.enabled=true -Dspring.liveBeansView.mbeanDomain -Dspring.application.admin.enabled=true -Dmanagement.endpoints.jmx.exposure.include=* -javaagent:C:\Users\q1763\AppData\Local\JetBrains\IntelliJIdea2023.2\captureAgent\debugger-agent.jar -Dfile.encoding=UTF-8 com.pura365.camera.Application

Host: 13th Gen Intel(R) Core(TM) i9-13900H, 20 cores, 31G,  Windows 10 , 64 bit Build 22621 (10.0.22621.5415)
Time: Wed Dec  3 18:33:38 2025 中国标准时间 elapsed time: 0 seconds (0d 0h 0m 0s)

---------------  T H R E A D  ---------------

Current thread (0x000002962c732800):  JavaThread "Unknown thread" [_thread_in_vm, id=57904, stack(0x000000ac45600000,0x000000ac45700000)]

Stack: [0x000000ac45600000,0x000000ac45700000]
Native frames: (J=compiled Java code, j=interpreted, Vv=VM code, C=native code)
V  [jvm.dll+0x5f840a]
V  [jvm.dll+0x741e4a]
V  [jvm.dll+0x7435ff]
V  [jvm.dll+0x743c43]
V  [jvm.dll+0x20d288]
V  [jvm.dll+0x5f57ba]
V  [jvm.dll+0x5ea615]
V  [jvm.dll+0x2c7e9c]
V  [jvm.dll+0x2c7cd2]
V  [jvm.dll+0x2cdbbc]
V  [jvm.dll+0x313ff8]
V  [jvm.dll+0x313720]
V  [jvm.dll+0x2a092a]
V  [jvm.dll+0x2a1a79]
V  [jvm.dll+0x71f718]
V  [jvm.dll+0x321c44]
V  [jvm.dll+0x700b0c]
V  [jvm.dll+0x392dff]
V  [jvm.dll+0x394e71]
C  [jli.dll+0x523b]
C  [ucrtbase.dll+0x29333]
C  [KERNEL32.DLL+0x1259d]
C  [ntdll.dll+0x5af78]


---------------  P R O C E S S  ---------------

Threads class SMR info:
_java_thread_list=0x00007ffb69cc3078, length=0, elements={
}

Java Threads: ( => current thread )

Other Threads:
  0x000002962c7ba000 GCTaskThread "GC Thread#0" [stack: 0x000000ac45700000,0x000000ac45800000] [id=58040]
  0x000002962c7db800 ConcurrentGCThread "G1 Main Marker" [stack: 0x000000ac45800000,0x000000ac45900000] [id=41512]
  0x000002962c7dc800 ConcurrentGCThread "G1 Conc#0" [stack: 0x000000ac45900000,0x000000ac45a00000] [id=13180]

[error occurred during error reporting (printing all threads), id 0xc0000005, EXCEPTION_ACCESS_VIOLATION (0xc0000005) at pc=0x00007ffb694f1257]

VM state:not at safepoint (not fully initialized)

VM Mutex/Monitor currently owned by a thread:  ([mutex/lock_event])
[0x000002962c7306d0] Heap_lock - owner thread: 0x000002962c732800

Heap address: 0x0000000604400000, size: 8124 MB, Compressed Oops mode: Zero based, Oop shift amount: 3
Narrow klass base: 0x0000000000000000, Narrow klass shift: 0

GC Heap History (0 events):
No events

Deoptimization events (0 events):
No events

Classes unloaded (0 events):
No events

Classes redefined (0 events):
No events

Internal exceptions (0 events):
No events

Events (2 events):
Event: 0.012 Loaded shared library D:\worksoftware\jdk14\bin\java.dll
Event: 0.012 Loaded shared library D:\worksoftware\jdk14\bin\zip.dll


Dynamic libraries:
0x00007ff64e8b0000 - 0x00007ff64e8bf000 	D:\worksoftware\jdk14\bin\java.exe
0x00007ffcaef30000 - 0x00007ffcaf148000 	C:\Windows\SYSTEM32\ntdll.dll
0x00007ffcae170000 - 0x00007ffcae234000 	C:\Windows\System32\KERNEL32.DLL
0x00007ffcac300000 - 0x00007ffcac6d3000 	C:\Windows\System32\KERNELBASE.dll
0x00007ffcac160000 - 0x00007ffcac271000 	C:\Windows\System32\ucrtbase.dll
0x00007ffc4f410000 - 0x00007ffc4f428000 	D:\worksoftware\jdk14\bin\jli.dll
0x00007ffc53a30000 - 0x00007ffc53a45000 	D:\worksoftware\jdk14\bin\VCRUNTIME140.dll
0x00007ffcaee30000 - 0x00007ffcaeee1000 	C:\Windows\System32\ADVAPI32.dll
0x00007ffcadcd0000 - 0x00007ffcadd77000 	C:\Windows\System32\msvcrt.dll
0x00007ffcae720000 - 0x00007ffcae7c8000 	C:\Windows\System32\sechost.dll
0x00007ffcac850000 - 0x00007ffcac878000 	C:\Windows\System32\bcrypt.dll
0x00007ffcaea70000 - 0x00007ffcaeb88000 	C:\Windows\System32\RPCRT4.dll
0x00007ffcad0e0000 - 0x00007ffcad292000 	C:\Windows\System32\USER32.dll
0x00007ffcac900000 - 0x00007ffcac926000 	C:\Windows\System32\win32u.dll
0x00007ffcadc80000 - 0x00007ffcadca9000 	C:\Windows\System32\GDI32.dll
0x00007ffcac040000 - 0x00007ffcac15b000 	C:\Windows\System32\gdi32full.dll
0x00007ffcac9f0000 - 0x00007ffcaca8a000 	C:\Windows\System32\msvcp_win.dll
0x00007ffc9c6b0000 - 0x00007ffc9c94c000 	C:\Windows\WinSxS\amd64_microsoft.windows.common-controls_6595b64144ccf1df_6.0.22621.6060_none_2712eda17382d24b\COMCTL32.dll
0x00007ffca0ed0000 - 0x00007ffca0eda000 	C:\Windows\SYSTEM32\VERSION.dll
0x00007ffcaeb90000 - 0x00007ffcaebc1000 	C:\Windows\System32\IMM32.DLL
0x00007ffc18600000 - 0x00007ffc1869b000 	D:\worksoftware\jdk14\bin\msvcp140.dll
0x00007ffb69240000 - 0x00007ffb69d5e000 	D:\worksoftware\jdk14\bin\server\jvm.dll
0x00007ffcadcc0000 - 0x00007ffcadcc8000 	C:\Windows\System32\PSAPI.DLL
0x00007ffc9de70000 - 0x00007ffc9dea4000 	C:\Windows\SYSTEM32\WINMM.dll
0x00007ffc16f50000 - 0x00007ffc16f59000 	C:\Windows\SYSTEM32\WSOCK32.dll
0x00007ffcadc00000 - 0x00007ffcadc71000 	C:\Windows\System32\WS2_32.dll
0x00007ffcab0d0000 - 0x00007ffcab0e8000 	C:\Windows\SYSTEM32\kernel.appcore.dll
0x00007ffc73760000 - 0x00007ffc7376a000 	D:\worksoftware\jdk14\bin\jimage.dll
0x00007ffca9920000 - 0x00007ffca9b53000 	C:\Windows\SYSTEM32\DBGHELP.DLL
0x00007ffcae270000 - 0x00007ffcae601000 	C:\Windows\System32\combase.dll
0x00007ffcae990000 - 0x00007ffcaea68000 	C:\Windows\System32\OLEAUT32.dll
0x00007ffca00d0000 - 0x00007ffca0102000 	C:\Windows\SYSTEM32\dbgcore.DLL
0x00007ffcac880000 - 0x00007ffcac8fb000 	C:\Windows\System32\bcryptPrimitives.dll
0x00007ffc1ec40000 - 0x00007ffc1ec78000 	D:\worksoftware\jdk14\bin\jdwp.dll
0x00007ffc44ba0000 - 0x00007ffc44bc5000 	D:\worksoftware\jdk14\bin\java.dll
0x00007ffca2dc0000 - 0x00007ffca2dce000 	D:\worksoftware\jdk14\bin\instrument.dll
0x00007ffc4a9b0000 - 0x00007ffc4a9c6000 	D:\worksoftware\jdk14\bin\zip.dll

dbghelp: loaded successfully - version: 4.0.5 - missing functions: none
symbol engine: initialized successfully - sym options: 0x614 - pdb path: .;D:\worksoftware\jdk14\bin;C:\Windows\SYSTEM32;C:\Windows\WinSxS\amd64_microsoft.windows.common-controls_6595b64144ccf1df_6.0.22621.6060_none_2712eda17382d24b;D:\worksoftware\jdk14\bin\server

VM Arguments:
jvm_args: -agentlib:jdwp=transport=dt_socket,address=127.0.0.1:52598,suspend=y,server=n -XX:TieredStopAtLevel=1 -Dspring.output.ansi.enabled=always -Dcom.sun.management.jmxremote -Dspring.jmx.enabled=true -Dspring.liveBeansView.mbeanDomain -Dspring.application.admin.enabled=true -Dmanagement.endpoints.jmx.exposure.include=* -javaagent:C:\Users\q1763\AppData\Local\JetBrains\IntelliJIdea2023.2\captureAgent\debugger-agent.jar -Dfile.encoding=UTF-8 
java_command: com.pura365.camera.Application
java_class_path (initial): D:\workspace\camera-server\target\classes;D:\worksoftware\apache-maven-3.6.1\repo-server\org\springframework\boot\spring-boot-starter-web\2.7.18\spring-boot-starter-web-2.7.18.jar;D:\worksoftware\apache-maven-3.6.1\repo-server\org\springframework\boot\spring-boot-starter\2.7.18\spring-boot-starter-2.7.18.jar;D:\worksoftware\apache-maven-3.6.1\repo-server\org\springframework\boot\spring-boot\2.7.18\spring-boot-2.7.18.jar;D:\worksoftware\apache-maven-3.6.1\repo-server\org\springframework\boot\spring-boot-starter-logging\2.7.18\spring-boot-starter-logging-2.7.18.jar;D:\worksoftware\apache-maven-3.6.1\repo-server\ch\qos\logback\logback-classic\1.2.12\logback-classic-1.2.12.jar;D:\worksoftware\apache-maven-3.6.1\repo-server\ch\qos\logback\logback-core\1.2.12\logback-core-1.2.12.jar;D:\worksoftware\apache-maven-3.6.1\repo-server\org\apache\logging\log4j\log4j-to-slf4j\2.17.2\log4j-to-slf4j-2.17.2.jar;D:\worksoftware\apache-maven-3.6.1\repo-server\org\apache\logging\log4j\log4j-api\2.17.2\log4j-api-2.17.2.jar;D:\worksoftware\apache-maven-3.6.1\repo-server\org\slf4j\jul-to-slf4j\1.7.36\jul-to-slf4j-1.7.36.jar;D:\worksoftware\apache-maven-3.6.1\repo-server\jakarta\annotation\jakarta.annotation-api\1.3.5\jakarta.annotation-api-1.3.5.jar;D:\worksoftware\apache-maven-3.6.1\repo-server\org\springframework\spring-core\5.3.31\spring-core-5.3.31.jar;D:\worksoftware\apache-maven-3.6.1\repo-server\org\springframework\spring-jcl\5.3.31\spring-jcl-5.3.31.jar;D:\worksoftware\apache-maven-3.6.1\repo-server\org\yaml\snakeyaml\1.30\snakeyaml-1.30.jar;D:\worksoftware\apache-maven-3.6.1\repo-server\org\springframework\boot\spring-boot-starter-json\2.7.18\spring-boot-starter-json-2.7.18.jar;D:\worksoftware\apache-maven-3.6.1\repo-server\com\fasterxml\jackson\datatype\jackson-datatype-jdk8\2.13.5\jackson-datatype-jdk8-2.13.5.jar;D:\worksoftware\apache-maven-3.6.1\repo-server\com\fasterxml\jackson\datatype\jackson-datatype-jsr310\2.13.5\jackson-datatype-jsr310-2.13.
Launcher Type: SUN_STANDARD

[Global flags]
     intx CICompilerCount                          = 12                                        {product} {ergonomic}
     uint ConcGCThreads                            = 4                                         {product} {ergonomic}
     uint G1ConcRefinementThreads                  = 15                                        {product} {ergonomic}
   size_t G1HeapRegionSize                         = 2097152                                   {product} {ergonomic}
    uintx GCDrainStackTargetSize                   = 64                                        {product} {ergonomic}
   size_t InitialHeapSize                          = 532676608                                 {product} {ergonomic}
     bool ManagementServer                         = true                                      {product} {command line}
   size_t MarkStackSize                            = 4194304                                   {product} {ergonomic}
   size_t MaxHeapSize                              = 8518631424                                {product} {ergonomic}
   size_t MinHeapDeltaBytes                        = 2097152                                   {product} {ergonomic}
   size_t MinHeapSize                              = 8388608                                   {product} {ergonomic}
    uintx NonNMethodCodeHeapSize                   = 12163472                               {pd product} {ergonomic}
    uintx NonProfiledCodeHeapSize                  = 239494768                              {pd product} {ergonomic}
    uintx ProfiledCodeHeapSize                     = 0                                      {pd product} {ergonomic}
    uintx ReservedCodeCacheSize                    = 251658240                              {pd product} {ergonomic}
     bool SegmentedCodeCache                       = true                                      {product} {ergonomic}
   size_t SoftMaxHeapSize                          = 8518631424                             {manageable} {ergonomic}
     intx TieredStopAtLevel                        = 1                                         {product} {command line}
     bool UseCompressedClassPointers               = true                                 {lp64_product} {ergonomic}
     bool UseCompressedOops                        = true                                 {lp64_product} {ergonomic}
     bool UseG1GC                                  = true                                      {product} {ergonomic}
     bool UseLargePagesIndividualAllocation        = false                                  {pd product} {ergonomic}

Logging:
Log output configuration:
 #0: stdout all=warning uptime,level,tags
 #1: stderr all=off uptime,level,tags

Environment Variables:
JAVA_HOME=D:\worksoftware\jdk14
CLASSPATH=D:\worksoftware\jdk14\lib
PATH=D:\worksoftware\Fortify_SCA_25.3.0\Fortify_SCA_25.3.0\fortify\OpenText_SAST_Fortify_25.3.0\bin;D:\worksoftware\Fortify_SCA_25.3.0\Fortify_SCA_25.3.0\fortify\OpenText_Application_Security_Tools_25.2.0\bin;D:\worksoftware\Fortify_SCA_25.3.0\bin;D:\worksoftware\Fortify_SCA_25.3.0\OpenText_Application_Security_Tools_25.2.0\bin;D:\worksoftware\Fortify_SCA_25.3.0\25.2.0\bin;d:\worksoftware\cursor\resources\app\bin;C:\Windows\system32;C:\Windows;C:\Windows\System32\Wbem;C:\Windows\System32\WindowsPowerShell\v1.0\;C:\Windows\System32\OpenSSH\;C:\Program Files (x86)\NVIDIA Corporation\PhysX\Common;D:\worksoftware\Git\cmd;D:\software\xhell7\;D:\worksoftware\Xftp7_732920\;D:\worksoftware\;C:\Program Files\NVIDIA Corporation\NVIDIA app\NvDLISR;D:\worksoftware\微信web开发者工具\dll;D:\software\putty\;C:\Windows\system32;C:\Windows;C:\Windows\System32\Wbem;C:\Windows\System32\WindowsPowerShell\v1.0\;C:\Windows\System32\OpenSSH\;C:\Program Files (x86)\NVIDIA Corporation\PhysX\Common;C:\Program Files\NVIDIA Corporation\NVIDIA NvDLISR;D:\worksoftware\Git\cmd;D:\software\xhell7\;D:\worksoftware\Xftp7_732920\;D:\worksoftware\;C:\Users\q1763\.app\;C:\Users\q1763\AppData\Local\Microsoft\WindowsApps;D:\worksoftware\jdk14\bin;D:\worksoftware\apache-maven-3.6.1\bin;;C:\Users\q1763\AppData\Local\Programs\Trae\bin;d:\worksoftware\Trae\bin;d:\worksoftware\cursor\resources\app\bin;C:\Windows\system32;C:\Windows;C:\Windows\System32\Wbem;C:\Windows\System32\WindowsPowerShell\v1.0\;C:\Windows\System32\OpenSSH\;C:\Program Files (x86)\NVIDIA Corporation\PhysX\Common;C:\Program Files\NVIDIA Corporation\NVIDIA NvDLISR;D:\worksoftware\Git\cmd;D:\software\xhell7\;D:\worksoftware\Xftp7_732920\;D:\worksoftware\;C:\Users\q1763\.app\;C:\Users\q1763\AppData\Local\Microsoft\WindowsApps;D:\worksoftware\jdk14\bin;D:\worksoftware\apache-maven-3.6.1\bin;;C:\Users\q1763\AppData\Local\Programs\Trae\bin;d:\worksoftware\Trae\bin;D:\worksoftware\cursor\resources\app\bin
USERNAME=q1763
OS=Windows_NT
PROCESSOR_IDENTIFIER=Intel64 Family 6 Model 186 Stepping 2, GenuineIntel



---------------  S Y S T E M  ---------------

OS: Windows 10 , 64 bit Build 22621 (10.0.22621.5415)
OS uptime: 1 days 9:06 hours
HyperV virtualization detected

CPU:total 20 (initial active 20) (10 cores per cpu, 2 threads per core) family 6 model 186 stepping 2, cmov, cx8, fxsr, mmx, sse, sse2, sse3, ssse3, sse4.1, sse4.2, popcnt, avx, avx2, aes, clmul, erms, 3dnowpref, lzcnt, ht, tsc, tscinvbit, bmi1, bmi2, adx, sha, fma

Memory: 4k page, system-wide physical 32491M (3440M free)
TotalPageFile size 58063M (AvailPageFile size 229M)
current process WorkingSet (physical memory assigned to process): 13M, peak: 13M
current process commit charge ("private bytes"): 74M, peak: 582M

vm_info: Java HotSpot(TM) 64-Bit Server VM (14.0.1+7) for windows-amd64 JRE (14.0.1+7), built on Mar  5 2020 10:30:14 by "mach5one" with MS VC++ 15.9 (VS2017)

END.
